[0509/154834.953:ERROR:process_reader_win.cc(123)] NtOpenThread: {无法访问} 过程已请求访问一对象，但未给访问权限。 (0xc0000022)
[0509/154834.955:ERROR:exception_snapshot_win.cc(98)] thread ID 25000 not found in process
[0509/154834.957:ERROR:process_reader_win.cc(123)] NtOpenThread: {无法访问} 过程已请求访问一对象，但未给访问权限。 (0xc0000022)
[0509/154834.958:ERROR:exception_snapshot_win.cc(98)] thread ID 11720 not found in process
[0509/154834.966:ERROR:process_reader_win.cc(123)] NtOpenThread: {无法访问} 过程已请求访问一对象，但未给访问权限。 (0xc0000022)
[0509/154834.967:ERROR:exception_snapshot_win.cc(98)] thread ID 25700 not found in process
[0509/154834.978:ERROR:process_reader_win.cc(123)] NtOpenThread: {无法访问} 过程已请求访问一对象，但未给访问权限。 (0xc0000022)
[0509/154834.982:ERROR:exception_snapshot_win.cc(98)] thread ID 10720 not found in process
[0509/154835.021:ERROR:process_info.cc(329)] VirtualQueryEx: 拒绝访问。 (0x5)
[0509/154835.021:ERROR:process_info.cc(550)] ReadMemoryInfo failed
[0509/154835.021:ERROR:process_memory_win.cc(39)] Failed to initialize ProcessInfo.
[0509/154835.021:ERROR:scoped_process_suspend.cc(40)] NtResumeProcess: 已尝试访问正在退出的过程。 (0xc000010a)
[0509/161456.807:ERROR:process_reader_win.cc(123)] NtOpenThread: {无法访问} 过程已请求访问一对象，但未给访问权限。 (0xc0000022)
[0509/161456.809:ERROR:exception_snapshot_win.cc(98)] thread ID 22800 not found in process
[0509/161456.921:ERROR:process_reader_win.cc(123)] NtOpenThread: {无法访问} 过程已请求访问一对象，但未给访问权限。 (0xc0000022)
[0509/161456.922:ERROR:exception_snapshot_win.cc(98)] thread ID 18192 not found in process
[0509/161457.025:ERROR:process_reader_win.cc(123)] NtOpenThread: {无法访问} 过程已请求访问一对象，但未给访问权限。 (0xc0000022)
[0509/161457.026:ERROR:exception_snapshot_win.cc(98)] thread ID 3656 not found in process
[0509/161457.132:ERROR:process_reader_win.cc(123)] NtOpenThread: {无法访问} 过程已请求访问一对象，但未给访问权限。 (0xc0000022)
[0509/161457.134:ERROR:exception_snapshot_win.cc(98)] thread ID 19364 not found in process
[0509/162255.831:ERROR:process_reader_win.cc(123)] NtOpenThread: {无法访问} 过程已请求访问一对象，但未给访问权限。 (0xc0000022)
[0509/162255.833:ERROR:exception_snapshot_win.cc(98)] thread ID 26192 not found in process
[0509/162255.936:ERROR:process_reader_win.cc(123)] NtOpenThread: {无法访问} 过程已请求访问一对象，但未给访问权限。 (0xc0000022)
[0509/162255.937:ERROR:exception_snapshot_win.cc(98)] thread ID 30516 not found in process
[0509/162256.040:ERROR:process_reader_win.cc(123)] NtOpenThread: {无法访问} 过程已请求访问一对象，但未给访问权限。 (0xc0000022)
[0509/162256.041:ERROR:exception_snapshot_win.cc(98)] thread ID 29432 not found in process
[0509/162256.153:ERROR:process_reader_win.cc(123)] NtOpenThread: {无法访问} 过程已请求访问一对象，但未给访问权限。 (0xc0000022)
[0509/162256.154:ERROR:exception_snapshot_win.cc(98)] thread ID 2428 not found in process
[0509/163137.573:ERROR:process_reader_win.cc(123)] NtOpenThread: {无法访问} 过程已请求访问一对象，但未给访问权限。 (0xc0000022)
[0509/163137.575:ERROR:exception_snapshot_win.cc(98)] thread ID 9988 not found in process
[0509/163137.678:ERROR:process_reader_win.cc(123)] NtOpenThread: {无法访问} 过程已请求访问一对象，但未给访问权限。 (0xc0000022)
[0509/163137.680:ERROR:exception_snapshot_win.cc(98)] thread ID 6364 not found in process
[0509/163137.786:ERROR:process_reader_win.cc(123)] NtOpenThread: {无法访问} 过程已请求访问一对象，但未给访问权限。 (0xc0000022)
[0509/163137.787:ERROR:exception_snapshot_win.cc(98)] thread ID 2120 not found in process
[0509/163137.896:ERROR:process_reader_win.cc(123)] NtOpenThread: {无法访问} 过程已请求访问一对象，但未给访问权限。 (0xc0000022)
[0509/163137.897:ERROR:exception_snapshot_win.cc(98)] thread ID 24940 not found in process
[0509/164819.956:ERROR:process_reader_win.cc(123)] NtOpenThread: {无法访问} 过程已请求访问一对象，但未给访问权限。 (0xc0000022)
[0509/164819.957:ERROR:exception_snapshot_win.cc(98)] thread ID 28272 not found in process
[0509/164820.065:ERROR:process_reader_win.cc(123)] NtOpenThread: {无法访问} 过程已请求访问一对象，但未给访问权限。 (0xc0000022)
[0509/164820.067:ERROR:exception_snapshot_win.cc(98)] thread ID 30080 not found in process
[0509/164820.171:ERROR:process_reader_win.cc(123)] NtOpenThread: {无法访问} 过程已请求访问一对象，但未给访问权限。 (0xc0000022)
[0509/164820.172:ERROR:exception_snapshot_win.cc(98)] thread ID 25188 not found in process
[0509/164820.275:ERROR:process_reader_win.cc(123)] NtOpenThread: {无法访问} 过程已请求访问一对象，但未给访问权限。 (0xc0000022)
[0509/164820.276:ERROR:exception_snapshot_win.cc(98)] thread ID 4028 not found in process
[0509/165033.079:ERROR:process_reader_win.cc(123)] NtOpenThread: {无法访问} 过程已请求访问一对象，但未给访问权限。 (0xc0000022)
[0509/165033.080:ERROR:exception_snapshot_win.cc(98)] thread ID 17752 not found in process
[0509/165033.085:ERROR:process_reader_win.cc(123)] NtOpenThread: {无法访问} 过程已请求访问一对象，但未给访问权限。 (0xc0000022)
[0509/165033.086:ERROR:exception_snapshot_win.cc(98)] thread ID 20912 not found in process
[0509/165033.099:ERROR:process_reader_win.cc(123)] NtOpenThread: {无法访问} 过程已请求访问一对象，但未给访问权限。 (0xc0000022)
[0509/165033.102:ERROR:exception_snapshot_win.cc(98)] thread ID 12764 not found in process
[0509/165033.106:ERROR:process_reader_win.cc(123)] NtOpenThread: {无法访问} 过程已请求访问一对象，但未给访问权限。 (0xc0000022)
[0509/165033.108:ERROR:exception_snapshot_win.cc(98)] thread ID 29812 not found in process
[0509/165322.788:ERROR:process_reader_win.cc(123)] NtOpenThread: {无法访问} 过程已请求访问一对象，但未给访问权限。 (0xc0000022)
[0509/165322.789:ERROR:exception_snapshot_win.cc(98)] thread ID 19212 not found in process
[0509/165322.797:ERROR:process_reader_win.cc(123)] NtOpenThread: {无法访问} 过程已请求访问一对象，但未给访问权限。 (0xc0000022)
[0509/165322.800:ERROR:exception_snapshot_win.cc(98)] thread ID 14976 not found in process
[0509/165322.807:ERROR:process_reader_win.cc(123)] NtOpenThread: {无法访问} 过程已请求访问一对象，但未给访问权限。 (0xc0000022)
[0509/165322.809:ERROR:exception_snapshot_win.cc(98)] thread ID 26180 not found in process
[0509/165322.811:ERROR:process_reader_win.cc(123)] NtOpenThread: {无法访问} 过程已请求访问一对象，但未给访问权限。 (0xc0000022)
[0509/165322.813:ERROR:exception_snapshot_win.cc(98)] thread ID 26024 not found in process
[0509/165550.716:ERROR:process_reader_win.cc(123)] NtOpenThread: {无法访问} 过程已请求访问一对象，但未给访问权限。 (0xc0000022)
[0509/165550.718:ERROR:exception_snapshot_win.cc(98)] thread ID 20060 not found in process
[0509/165550.729:ERROR:process_reader_win.cc(123)] NtOpenThread: {无法访问} 过程已请求访问一对象，但未给访问权限。 (0xc0000022)
[0509/165550.732:ERROR:exception_snapshot_win.cc(98)] thread ID 21632 not found in process
[0509/165550.744:ERROR:process_reader_win.cc(123)] NtOpenThread: {无法访问} 过程已请求访问一对象，但未给访问权限。 (0xc0000022)
[0509/165550.746:ERROR:exception_snapshot_win.cc(98)] thread ID 24068 not found in process
[0509/165550.746:ERROR:process_reader_win.cc(123)] NtOpenThread: {无法访问} 过程已请求访问一对象，但未给访问权限。 (0xc0000022)
[0509/165550.748:ERROR:exception_snapshot_win.cc(98)] thread ID 24440 not found in process
[0509/165832.749:ERROR:process_reader_win.cc(123)] NtOpenThread: {无法访问} 过程已请求访问一对象，但未给访问权限。 (0xc0000022)
[0509/165832.751:ERROR:exception_snapshot_win.cc(98)] thread ID 21336 not found in process
[0509/165832.754:ERROR:process_reader_win.cc(123)] NtOpenThread: {无法访问} 过程已请求访问一对象，但未给访问权限。 (0xc0000022)
[0509/165832.755:ERROR:exception_snapshot_win.cc(98)] thread ID 17504 not found in process
[0509/165832.764:ERROR:process_reader_win.cc(123)] NtOpenThread: {无法访问} 过程已请求访问一对象，但未给访问权限。 (0xc0000022)
[0509/165832.766:ERROR:exception_snapshot_win.cc(98)] thread ID 2700 not found in process
[0509/165832.773:ERROR:process_reader_win.cc(123)] NtOpenThread: {无法访问} 过程已请求访问一对象，但未给访问权限。 (0xc0000022)
[0509/165832.775:ERROR:exception_snapshot_win.cc(98)] thread ID 992 not found in process
[0509/170138.664:ERROR:process_reader_win.cc(123)] NtOpenThread: {无法访问} 过程已请求访问一对象，但未给访问权限。 (0xc0000022)
[0509/170138.665:ERROR:exception_snapshot_win.cc(98)] thread ID 4220 not found in process
[0509/170454.829:ERROR:process_reader_win.cc(123)] NtOpenThread: {无法访问} 过程已请求访问一对象，但未给访问权限。 (0xc0000022)
[0509/170454.830:ERROR:exception_snapshot_win.cc(98)] thread ID 4808 not found in process
[0509/170800.957:ERROR:process_reader_win.cc(123)] NtOpenThread: {无法访问} 过程已请求访问一对象，但未给访问权限。 (0xc0000022)
[0509/170800.959:ERROR:exception_snapshot_win.cc(98)] thread ID 17432 not found in process
[0509/170905.959:ERROR:process_reader_win.cc(123)] NtOpenThread: {无法访问} 过程已请求访问一对象，但未给访问权限。 (0xc0000022)
[0509/170905.960:ERROR:exception_snapshot_win.cc(98)] thread ID 1244 not found in process
[0509/171808.450:ERROR:process_reader_win.cc(123)] NtOpenThread: {无法访问} 过程已请求访问一对象，但未给访问权限。 (0xc0000022)
[0509/171808.451:ERROR:exception_snapshot_win.cc(98)] thread ID 5768 not found in process
[0509/171815.474:ERROR:process_reader_win.cc(123)] NtOpenThread: {无法访问} 过程已请求访问一对象，但未给访问权限。 (0xc0000022)
[0509/171815.475:ERROR:exception_snapshot_win.cc(98)] thread ID 26628 not found in process
[0509/171939.670:ERROR:process_reader_win.cc(123)] NtOpenThread: {无法访问} 过程已请求访问一对象，但未给访问权限。 (0xc0000022)
[0509/171939.671:ERROR:exception_snapshot_win.cc(98)] thread ID 14760 not found in process
[0509/172147.031:ERROR:process_reader_win.cc(123)] NtOpenThread: {无法访问} 过程已请求访问一对象，但未给访问权限。 (0xc0000022)
[0509/172147.032:ERROR:exception_snapshot_win.cc(98)] thread ID 16764 not found in process
[0509/190705.839:ERROR:process_reader_win.cc(123)] NtOpenThread: {无法访问} 过程已请求访问一对象，但未给访问权限。 (0xc0000022)
[0509/190705.840:ERROR:exception_snapshot_win.cc(98)] thread ID 15948 not found in process
[0515/170337.981:ERROR:process_reader_win.cc(123)] NtOpenThread: {无法访问} 过程已请求访问一对象，但未给访问权限。 (0xc0000022)
[0515/170337.982:ERROR:exception_snapshot_win.cc(98)] thread ID 15492 not found in process
[0515/170746.068:ERROR:process_reader_win.cc(123)] NtOpenThread: {无法访问} 过程已请求访问一对象，但未给访问权限。 (0xc0000022)
[0515/170746.069:ERROR:exception_snapshot_win.cc(98)] thread ID 3232 not found in process
[0515/172715.150:ERROR:process_reader_win.cc(123)] NtOpenThread: {无法访问} 过程已请求访问一对象，但未给访问权限。 (0xc0000022)
[0515/172715.151:ERROR:exception_snapshot_win.cc(98)] thread ID 13104 not found in process
[0516/144602.409:ERROR:process_reader_win.cc(123)] NtOpenThread: {无法访问} 过程已请求访问一对象，但未给访问权限。 (0xc0000022)
[0516/144602.410:ERROR:exception_snapshot_win.cc(98)] thread ID 5196 not found in process
[0516/145122.307:ERROR:process_reader_win.cc(123)] NtOpenThread: {无法访问} 过程已请求访问一对象，但未给访问权限。 (0xc0000022)
[0516/145122.308:ERROR:exception_snapshot_win.cc(98)] thread ID 7392 not found in process
[0516/145331.674:ERROR:process_reader_win.cc(123)] NtOpenThread: {无法访问} 过程已请求访问一对象，但未给访问权限。 (0xc0000022)
[0516/145331.674:ERROR:exception_snapshot_win.cc(98)] thread ID 6764 not found in process
[0516/145437.849:ERROR:process_reader_win.cc(123)] NtOpenThread: {无法访问} 过程已请求访问一对象，但未给访问权限。 (0xc0000022)
[0516/145437.849:ERROR:exception_snapshot_win.cc(98)] thread ID 7132 not found in process
[0516/145530.791:ERROR:process_reader_win.cc(123)] NtOpenThread: {无法访问} 过程已请求访问一对象，但未给访问权限。 (0xc0000022)
[0516/145530.792:ERROR:exception_snapshot_win.cc(98)] thread ID 7808 not found in process
[0516/150354.453:ERROR:process_reader_win.cc(123)] NtOpenThread: {无法访问} 过程已请求访问一对象，但未给访问权限。 (0xc0000022)
[0516/150354.454:ERROR:exception_snapshot_win.cc(98)] thread ID 14108 not found in process
[0516/150527.409:ERROR:process_reader_win.cc(123)] NtOpenThread: {无法访问} 过程已请求访问一对象，但未给访问权限。 (0xc0000022)
[0516/150527.410:ERROR:exception_snapshot_win.cc(98)] thread ID 14396 not found in process
[0516/150712.300:ERROR:process_reader_win.cc(123)] NtOpenThread: {无法访问} 过程已请求访问一对象，但未给访问权限。 (0xc0000022)
[0516/150712.301:ERROR:exception_snapshot_win.cc(98)] thread ID 5648 not found in process
[0516/151003.699:ERROR:process_reader_win.cc(123)] NtOpenThread: {无法访问} 过程已请求访问一对象，但未给访问权限。 (0xc0000022)
[0516/151003.700:ERROR:exception_snapshot_win.cc(98)] thread ID 15064 not found in process
[0516/151226.811:ERROR:process_reader_win.cc(123)] NtOpenThread: {无法访问} 过程已请求访问一对象，但未给访问权限。 (0xc0000022)
[0516/151226.812:ERROR:exception_snapshot_win.cc(98)] thread ID 10040 not found in process
[0516/151331.721:ERROR:process_reader_win.cc(123)] NtOpenThread: {无法访问} 过程已请求访问一对象，但未给访问权限。 (0xc0000022)
[0516/151331.721:ERROR:exception_snapshot_win.cc(98)] thread ID 12572 not found in process
[0516/152019.908:ERROR:process_reader_win.cc(123)] NtOpenThread: {无法访问} 过程已请求访问一对象，但未给访问权限。 (0xc0000022)
[0516/152019.908:ERROR:exception_snapshot_win.cc(98)] thread ID 10396 not found in process
[0516/153216.336:ERROR:process_reader_win.cc(123)] NtOpenThread: {无法访问} 过程已请求访问一对象，但未给访问权限。 (0xc0000022)
[0516/153216.337:ERROR:exception_snapshot_win.cc(98)] thread ID 6592 not found in process
[0516/153730.725:ERROR:process_reader_win.cc(123)] NtOpenThread: {无法访问} 过程已请求访问一对象，但未给访问权限。 (0xc0000022)
[0516/153730.725:ERROR:exception_snapshot_win.cc(98)] thread ID 14440 not found in process
[0516/153730.731:ERROR:process_reader_win.cc(123)] NtOpenThread: {无法访问} 过程已请求访问一对象，但未给访问权限。 (0xc0000022)
[0516/153730.731:ERROR:exception_snapshot_win.cc(98)] thread ID 12056 not found in process
[0516/153903.343:ERROR:process_reader_win.cc(123)] NtOpenThread: {无法访问} 过程已请求访问一对象，但未给访问权限。 (0xc0000022)
[0516/153903.343:ERROR:exception_snapshot_win.cc(98)] thread ID 8992 not found in process
[0516/153903.346:ERROR:process_reader_win.cc(123)] NtOpenThread: {无法访问} 过程已请求访问一对象，但未给访问权限。 (0xc0000022)
[0516/153903.347:ERROR:exception_snapshot_win.cc(98)] thread ID 13816 not found in process
[0516/154120.129:ERROR:process_reader_win.cc(123)] NtOpenThread: {无法访问} 过程已请求访问一对象，但未给访问权限。 (0xc0000022)
[0516/154120.130:ERROR:exception_snapshot_win.cc(98)] thread ID 11304 not found in process
[0516/154239.255:ERROR:process_reader_win.cc(123)] NtOpenThread: {无法访问} 过程已请求访问一对象，但未给访问权限。 (0xc0000022)
[0516/154239.255:ERROR:exception_snapshot_win.cc(98)] thread ID 9748 not found in process
[0516/154917.476:ERROR:process_reader_win.cc(123)] NtOpenThread: {无法访问} 过程已请求访问一对象，但未给访问权限。 (0xc0000022)
[0516/154917.476:ERROR:exception_snapshot_win.cc(98)] thread ID 12048 not found in process
[0516/155034.618:ERROR:process_reader_win.cc(123)] NtOpenThread: {无法访问} 过程已请求访问一对象，但未给访问权限。 (0xc0000022)
[0516/155034.618:ERROR:exception_snapshot_win.cc(98)] thread ID 7536 not found in process
[0516/155150.569:ERROR:process_reader_win.cc(123)] NtOpenThread: {无法访问} 过程已请求访问一对象，但未给访问权限。 (0xc0000022)
[0516/155150.570:ERROR:exception_snapshot_win.cc(98)] thread ID 15324 not found in process
[0516/155504.702:ERROR:process_reader_win.cc(123)] NtOpenThread: {无法访问} 过程已请求访问一对象，但未给访问权限。 (0xc0000022)
[0516/155504.702:ERROR:exception_snapshot_win.cc(98)] thread ID 6088 not found in process
[0516/155841.769:ERROR:process_reader_win.cc(123)] NtOpenThread: {无法访问} 过程已请求访问一对象，但未给访问权限。 (0xc0000022)
[0516/155841.769:ERROR:exception_snapshot_win.cc(98)] thread ID 11924 not found in process
[0516/160454.518:ERROR:process_reader_win.cc(123)] NtOpenThread: {无法访问} 过程已请求访问一对象，但未给访问权限。 (0xc0000022)
[0516/160454.519:ERROR:exception_snapshot_win.cc(98)] thread ID 11604 not found in process
[0516/160520.183:ERROR:process_reader_win.cc(123)] NtOpenThread: {无法访问} 过程已请求访问一对象，但未给访问权限。 (0xc0000022)
[0516/160520.184:ERROR:exception_snapshot_win.cc(98)] thread ID 9052 not found in process
[0516/160634.767:ERROR:process_reader_win.cc(123)] NtOpenThread: {无法访问} 过程已请求访问一对象，但未给访问权限。 (0xc0000022)
[0516/160634.768:ERROR:exception_snapshot_win.cc(98)] thread ID 15392 not found in process
[0516/160701.577:ERROR:process_reader_win.cc(123)] NtOpenThread: {无法访问} 过程已请求访问一对象，但未给访问权限。 (0xc0000022)
[0516/160701.579:ERROR:exception_snapshot_win.cc(98)] thread ID 9144 not found in process
[0516/160758.433:ERROR:process_reader_win.cc(123)] NtOpenThread: {无法访问} 过程已请求访问一对象，但未给访问权限。 (0xc0000022)
[0516/160758.434:ERROR:exception_snapshot_win.cc(98)] thread ID 8960 not found in process
[0516/160932.470:ERROR:process_reader_win.cc(123)] NtOpenThread: {无法访问} 过程已请求访问一对象，但未给访问权限。 (0xc0000022)
[0516/160932.470:ERROR:exception_snapshot_win.cc(98)] thread ID 15864 not found in process
[0516/161014.211:ERROR:process_reader_win.cc(123)] NtOpenThread: {无法访问} 过程已请求访问一对象，但未给访问权限。 (0xc0000022)
[0516/161014.212:ERROR:exception_snapshot_win.cc(98)] thread ID 7340 not found in process
[0516/161111.853:ERROR:process_reader_win.cc(123)] NtOpenThread: {无法访问} 过程已请求访问一对象，但未给访问权限。 (0xc0000022)
[0516/161111.854:ERROR:exception_snapshot_win.cc(98)] thread ID 15016 not found in process
[0516/161238.243:ERROR:process_reader_win.cc(123)] NtOpenThread: {无法访问} 过程已请求访问一对象，但未给访问权限。 (0xc0000022)
[0516/161238.244:ERROR:exception_snapshot_win.cc(98)] thread ID 6832 not found in process
[0516/161412.154:ERROR:process_reader_win.cc(123)] NtOpenThread: {无法访问} 过程已请求访问一对象，但未给访问权限。 (0xc0000022)
[0516/161412.155:ERROR:exception_snapshot_win.cc(98)] thread ID 5740 not found in process
[0516/161622.429:ERROR:process_reader_win.cc(123)] NtOpenThread: {无法访问} 过程已请求访问一对象，但未给访问权限。 (0xc0000022)
[0516/161622.429:ERROR:exception_snapshot_win.cc(98)] thread ID 1616 not found in process
[0516/162358.347:ERROR:process_reader_win.cc(123)] NtOpenThread: {无法访问} 过程已请求访问一对象，但未给访问权限。 (0xc0000022)
[0516/162358.348:ERROR:exception_snapshot_win.cc(98)] thread ID 12584 not found in process
[0516/162745.272:ERROR:process_reader_win.cc(123)] NtOpenThread: {无法访问} 过程已请求访问一对象，但未给访问权限。 (0xc0000022)
[0516/162745.272:ERROR:exception_snapshot_win.cc(98)] thread ID 10652 not found in process
[0516/162745.273:ERROR:process_reader_win.cc(123)] NtOpenThread: {无法访问} 过程已请求访问一对象，但未给访问权限。 (0xc0000022)
[0516/162745.273:ERROR:exception_snapshot_win.cc(98)] thread ID 14124 not found in process
[0516/162819.293:ERROR:process_reader_win.cc(123)] NtOpenThread: {无法访问} 过程已请求访问一对象，但未给访问权限。 (0xc0000022)
[0516/162819.294:ERROR:exception_snapshot_win.cc(98)] thread ID 4588 not found in process
[0516/162819.293:ERROR:process_reader_win.cc(123)] NtOpenThread: {无法访问} 过程已请求访问一对象，但未给访问权限。 (0xc0000022)
[0516/162819.294:ERROR:exception_snapshot_win.cc(98)] thread ID 15724 not found in process
[0516/163018.730:ERROR:process_reader_win.cc(123)] NtOpenThread: {无法访问} 过程已请求访问一对象，但未给访问权限。 (0xc0000022)
[0516/163018.730:ERROR:exception_snapshot_win.cc(98)] thread ID 11588 not found in process
[0516/163018.732:ERROR:process_reader_win.cc(123)] NtOpenThread: {无法访问} 过程已请求访问一对象，但未给访问权限。 (0xc0000022)
[0516/163018.732:ERROR:exception_snapshot_win.cc(98)] thread ID 15316 not found in process
[0516/163127.585:ERROR:process_reader_win.cc(123)] NtOpenThread: {无法访问} 过程已请求访问一对象，但未给访问权限。 (0xc0000022)
[0516/163127.586:ERROR:exception_snapshot_win.cc(98)] thread ID 10292 not found in process
[0516/163127.585:ERROR:process_reader_win.cc(123)] NtOpenThread: {无法访问} 过程已请求访问一对象，但未给访问权限。 (0xc0000022)
[0516/163127.586:ERROR:exception_snapshot_win.cc(98)] thread ID 10728 not found in process
[0516/163248.360:ERROR:process_reader_win.cc(123)] NtOpenThread: {无法访问} 过程已请求访问一对象，但未给访问权限。 (0xc0000022)
[0516/163248.360:ERROR:exception_snapshot_win.cc(98)] thread ID 14476 not found in process
[0516/163248.362:ERROR:process_reader_win.cc(123)] NtOpenThread: {无法访问} 过程已请求访问一对象，但未给访问权限。 (0xc0000022)
[0516/163248.363:ERROR:exception_snapshot_win.cc(98)] thread ID 13192 not found in process
[0516/163748.214:ERROR:process_reader_win.cc(123)] NtOpenThread: {无法访问} 过程已请求访问一对象，但未给访问权限。 (0xc0000022)
[0516/163748.214:ERROR:exception_snapshot_win.cc(98)] thread ID 13580 not found in process
[0516/163748.216:ERROR:process_reader_win.cc(123)] NtOpenThread: {无法访问} 过程已请求访问一对象，但未给访问权限。 (0xc0000022)
[0516/163748.216:ERROR:exception_snapshot_win.cc(98)] thread ID 12344 not found in process
[0516/164010.101:ERROR:process_reader_win.cc(123)] NtOpenThread: {无法访问} 过程已请求访问一对象，但未给访问权限。 (0xc0000022)
[0516/164010.101:ERROR:exception_snapshot_win.cc(98)] thread ID 16100 not found in process
[0516/164010.101:ERROR:process_reader_win.cc(123)] NtOpenThread: {无法访问} 过程已请求访问一对象，但未给访问权限。 (0xc0000022)
[0516/164010.102:ERROR:exception_snapshot_win.cc(98)] thread ID 2876 not found in process
[0516/164225.855:ERROR:process_reader_win.cc(123)] NtOpenThread: {无法访问} 过程已请求访问一对象，但未给访问权限。 (0xc0000022)
[0516/164225.856:ERROR:exception_snapshot_win.cc(98)] thread ID 10288 not found in process
[0516/164225.855:ERROR:process_reader_win.cc(123)] NtOpenThread: {无法访问} 过程已请求访问一对象，但未给访问权限。 (0xc0000022)
[0516/164225.856:ERROR:exception_snapshot_win.cc(98)] thread ID 11980 not found in process
[0516/164309.990:ERROR:process_reader_win.cc(123)] NtOpenThread: {无法访问} 过程已请求访问一对象，但未给访问权限。 (0xc0000022)
[0516/164309.991:ERROR:exception_snapshot_win.cc(98)] thread ID 7544 not found in process
[0516/164309.991:ERROR:process_reader_win.cc(123)] NtOpenThread: {无法访问} 过程已请求访问一对象，但未给访问权限。 (0xc0000022)
[0516/164309.991:ERROR:exception_snapshot_win.cc(98)] thread ID 15776 not found in process
[0516/164413.180:ERROR:process_reader_win.cc(123)] NtOpenThread: {无法访问} 过程已请求访问一对象，但未给访问权限。 (0xc0000022)
[0516/164413.181:ERROR:exception_snapshot_win.cc(98)] thread ID 11012 not found in process
[0516/164413.180:ERROR:process_reader_win.cc(123)] NtOpenThread: {无法访问} 过程已请求访问一对象，但未给访问权限。 (0xc0000022)
[0516/164413.181:ERROR:exception_snapshot_win.cc(98)] thread ID 1172 not found in process
[0516/164604.323:ERROR:process_reader_win.cc(123)] NtOpenThread: {无法访问} 过程已请求访问一对象，但未给访问权限。 (0xc0000022)
[0516/164604.323:ERROR:exception_snapshot_win.cc(98)] thread ID 11468 not found in process
[0516/164604.323:ERROR:process_reader_win.cc(123)] NtOpenThread: {无法访问} 过程已请求访问一对象，但未给访问权限。 (0xc0000022)
[0516/164604.324:ERROR:exception_snapshot_win.cc(98)] thread ID 16132 not found in process
[0516/165328.675:ERROR:process_reader_win.cc(123)] NtOpenThread: {无法访问} 过程已请求访问一对象，但未给访问权限。 (0xc0000022)
[0516/165328.677:ERROR:exception_snapshot_win.cc(98)] thread ID 7004 not found in process
[0516/165328.675:ERROR:process_reader_win.cc(123)] NtOpenThread: {无法访问} 过程已请求访问一对象，但未给访问权限。 (0xc0000022)
[0516/165328.677:ERROR:exception_snapshot_win.cc(98)] thread ID 14008 not found in process
[0516/165825.951:ERROR:process_reader_win.cc(123)] NtOpenThread: {无法访问} 过程已请求访问一对象，但未给访问权限。 (0xc0000022)
[0516/165825.952:ERROR:exception_snapshot_win.cc(98)] thread ID 14824 not found in process
[0516/165825.951:ERROR:process_reader_win.cc(123)] NtOpenThread: {无法访问} 过程已请求访问一对象，但未给访问权限。 (0xc0000022)
[0516/165825.952:ERROR:exception_snapshot_win.cc(98)] thread ID 3284 not found in process
[0516/170359.881:ERROR:process_reader_win.cc(123)] NtOpenThread: {无法访问} 过程已请求访问一对象，但未给访问权限。 (0xc0000022)
[0516/170359.881:ERROR:exception_snapshot_win.cc(98)] thread ID 17096 not found in process
[0516/170359.883:ERROR:process_reader_win.cc(123)] NtOpenThread: {无法访问} 过程已请求访问一对象，但未给访问权限。 (0xc0000022)
[0516/170359.883:ERROR:exception_snapshot_win.cc(98)] thread ID 17272 not found in process
[0516/170831.052:ERROR:process_reader_win.cc(123)] NtOpenThread: {无法访问} 过程已请求访问一对象，但未给访问权限。 (0xc0000022)
[0516/170831.053:ERROR:exception_snapshot_win.cc(98)] thread ID 13012 not found in process
[0516/170831.053:ERROR:process_reader_win.cc(123)] NtOpenThread: {无法访问} 过程已请求访问一对象，但未给访问权限。 (0xc0000022)
[0516/170831.053:ERROR:exception_snapshot_win.cc(98)] thread ID 11588 not found in process
[0516/170924.465:ERROR:process_reader_win.cc(123)] NtOpenThread: {无法访问} 过程已请求访问一对象，但未给访问权限。 (0xc0000022)
[0516/170924.465:ERROR:exception_snapshot_win.cc(98)] thread ID 10056 not found in process
[0516/170924.470:ERROR:process_reader_win.cc(123)] NtOpenThread: {无法访问} 过程已请求访问一对象，但未给访问权限。 (0xc0000022)
[0516/170924.471:ERROR:exception_snapshot_win.cc(98)] thread ID 10648 not found in process
[0516/171006.679:ERROR:process_reader_win.cc(123)] NtOpenThread: {无法访问} 过程已请求访问一对象，但未给访问权限。 (0xc0000022)
[0516/171006.679:ERROR:exception_snapshot_win.cc(98)] thread ID 16680 not found in process
[0516/171006.679:ERROR:process_reader_win.cc(123)] NtOpenThread: {无法访问} 过程已请求访问一对象，但未给访问权限。 (0xc0000022)
[0516/171006.680:ERROR:exception_snapshot_win.cc(98)] thread ID 10804 not found in process
[0516/171109.545:ERROR:process_reader_win.cc(123)] NtOpenThread: {无法访问} 过程已请求访问一对象，但未给访问权限。 (0xc0000022)
[0516/171109.546:ERROR:exception_snapshot_win.cc(98)] thread ID 16140 not found in process
[0516/171109.549:ERROR:process_reader_win.cc(123)] NtOpenThread: {无法访问} 过程已请求访问一对象，但未给访问权限。 (0xc0000022)
[0516/171109.550:ERROR:exception_snapshot_win.cc(98)] thread ID 16456 not found in process
[0516/171231.707:ERROR:process_reader_win.cc(123)] NtOpenThread: {无法访问} 过程已请求访问一对象，但未给访问权限。 (0xc0000022)
[0516/171231.709:ERROR:exception_snapshot_win.cc(98)] thread ID 16956 not found in process
[0516/171231.707:ERROR:process_reader_win.cc(123)] NtOpenThread: {无法访问} 过程已请求访问一对象，但未给访问权限。 (0xc0000022)
[0516/171231.709:ERROR:exception_snapshot_win.cc(98)] thread ID 17348 not found in process
[0516/171528.566:ERROR:process_reader_win.cc(123)] NtOpenThread: {无法访问} 过程已请求访问一对象，但未给访问权限。 (0xc0000022)
[0516/171528.567:ERROR:exception_snapshot_win.cc(98)] thread ID 12608 not found in process
[0516/171528.566:ERROR:process_reader_win.cc(123)] NtOpenThread: {无法访问} 过程已请求访问一对象，但未给访问权限。 (0xc0000022)
[0516/171528.567:ERROR:exception_snapshot_win.cc(98)] thread ID 16512 not found in process
[0516/171609.107:ERROR:process_reader_win.cc(123)] NtOpenThread: {无法访问} 过程已请求访问一对象，但未给访问权限。 (0xc0000022)
[0516/171609.107:ERROR:exception_snapshot_win.cc(98)] thread ID 16656 not found in process
[0516/171609.194:ERROR:process_reader_win.cc(123)] NtOpenThread: {无法访问} 过程已请求访问一对象，但未给访问权限。 (0xc0000022)
[0516/171609.194:ERROR:exception_snapshot_win.cc(98)] thread ID 3292 not found in process
[0516/172244.240:ERROR:process_reader_win.cc(123)] NtOpenThread: {无法访问} 过程已请求访问一对象，但未给访问权限。 (0xc0000022)
[0516/172244.240:ERROR:exception_snapshot_win.cc(98)] thread ID 9064 not found in process
[0516/172244.242:ERROR:process_reader_win.cc(123)] NtOpenThread: {无法访问} 过程已请求访问一对象，但未给访问权限。 (0xc0000022)
[0516/172244.243:ERROR:exception_snapshot_win.cc(98)] thread ID 3208 not found in process
